<?xml version="1.0" encoding="UTF-8"?>
<!-- Generated by org.testng.reporters.JUnitReportReporter -->
<testsuite hostname="DESKTOP-31UV02G" failures="0" tests="1" name="main.screenshot.CrossBrowserTesting" time="14.195" errors="0" timestamp="2022-04-19T12:14:24 IST" skipped="0">
  <testcase classname="main.screenshot.CrossBrowserTesting" name="m1" time="14.195"/>
  <system-out/>
</testsuite> <!-- main.screenshot.CrossBrowserTesting -->
