<?xml version="1.0" encoding="UTF-8"?>
<!-- Generated by org.testng.reporters.JUnitReportReporter -->
<testsuite hostname="DESKTOP-31UV02G" failures="0" tests="1" name="main.testcase.KeywordTest" time="15.447" errors="0" timestamp="2022-04-23T13:22:20 IST" skipped="0">
  <testcase classname="main.testcase.KeywordTest" name="tc_01" time="15.447"/>
  <system-out/>
</testsuite> <!-- main.testcase.KeywordTest -->
