<?xml version="1.0" encoding="UTF-8"?>
<!-- Generated by org.testng.reporters.JUnitReportReporter -->
<testsuite hostname="DESKTOP-31UV02G" failures="0" tests="4" name="com.Dataprovider.DataProviderDemo" time="0.021" errors="0" timestamp="2022-04-19T15:27:48 IST" skipped="0">
  <testcase classname="com.Dataprovider.DataProviderDemo" name="m1" time="0.002"/>
  <system-out/>
  <testcase classname="com.Dataprovider.DataProviderDemo" name="m1" time="0.005"/>
  <system-out/>
  <testcase classname="com.Dataprovider.DataProviderDemo" name="m1" time="0.004"/>
  <system-out/>
  <testcase classname="com.Dataprovider.DataProviderDemo" name="m1" time="0.010"/>
  <system-out/>
</testsuite> <!-- com.Dataprovider.DataProviderDemo -->
