<?xml version="1.0" encoding="UTF-8"?>
<!-- Generated by org.testng.reporters.JUnitReportReporter -->
<testsuite hostname="DESKTOP-31UV02G" failures="0" tests="1" name="main.testcase.KeywordTest" time="18.142" errors="0" timestamp="2022-04-22T15:09:11 IST" skipped="0">
  <testcase classname="main.testcase.KeywordTest" name="tc_01" time="18.142"/>
  <system-out/>
</testsuite> <!-- main.testcase.KeywordTest -->
